[0.402s] Invoking command in '/home/nasa-knights/vision_ws/nk_ros_pkgs/build/depth_image_proc': /usr/bin/cmake /home/nasa-knights/vision_ws/nk_ros_pkgs/image_pipeline/depth_image_proc -DAMENT_CMAKE_SYMLINK_INSTALL=1 -DCMAKE_INSTALL_PREFIX=/home/nasa-knights/vision_ws/nk_ros_pkgs/install/depth_image_proc
[0.487s] -- The C compiler identification is GNU 11.4.0
[0.561s] -- The CXX compiler identification is GNU 11.4.0
[0.569s] -- Detecting C compiler ABI info
[0.686s] -- Detecting C compiler ABI info - done
[0.696s] -- Check for working C compiler: /usr/bin/cc - skipped
[0.697s] -- Detecting C compile features
[0.698s] -- Detecting C compile features - done
[0.701s] -- Detecting CXX compiler ABI info
[0.811s] -- Detecting CXX compiler ABI info - done
[0.822s] -- Check for working CXX compiler: /usr/bin/c++ - skipped
[0.822s] -- Detecting CXX compile features
[0.823s] -- Detecting CXX compile features - done
[0.832s] [31mCMake Error at CMakeLists.txt:13 (find_package):
[0.833s]   By not providing "Findament_cmake_auto.cmake" in CMAKE_MODULE_PATH this
[0.833s]   project has asked CMake to find a package configuration file provided by
[0.833s]   "ament_cmake_auto", but CMake did not find one.
[0.833s] 
[0.833s]   Could not find a package configuration file provided by "ament_cmake_auto"
[0.833s]   with any of the following names:
[0.833s] 
[0.833s]     ament_cmake_autoConfig.cmake
[0.833s]     ament_cmake_auto-config.cmake
[0.833s] 
[0.833s]   Add the installation prefix of "ament_cmake_auto" to CMAKE_PREFIX_PATH or
[0.833s]   set "ament_cmake_auto_DIR" to a directory containing one of the above
[0.833s]   files.  If "ament_cmake_auto" provides a separate development package or
[0.834s]   SDK, be sure it has been installed.
[0.834s] 
[0.834s] [0m
[0.834s] -- Configuring incomplete, errors occurred!
[0.834s] See also "/home/nasa-knights/vision_ws/nk_ros_pkgs/build/depth_image_proc/CMakeFiles/CMakeOutput.log".
