[0.125s] Invoking command in '/home/nasa-knights/vision_ws/nk_ros_pkgs/build/tracetools_image_pipeline': /usr/bin/cmake /home/nasa-knights/vision_ws/nk_ros_pkgs/image_pipeline/tracetools_image_pipeline -DAMENT_CMAKE_SYMLINK_INSTALL=1 -DCMAKE_INSTALL_PREFIX=/home/nasa-knights/vision_ws/nk_ros_pkgs/install/tracetools_image_pipeline
[0.497s] -- The C compiler identification is GNU 11.4.0
[0.497s] -- The CXX compiler identification is GNU 11.4.0
[0.497s] -- Detecting C compiler ABI info
[0.572s] -- Detecting C compiler ABI info - done
[0.582s] -- Check for working C compiler: /usr/bin/cc - skipped
[0.583s] -- Detecting C compile features
[0.583s] -- Detecting C compile features - done
[0.589s] -- Detecting CXX compiler ABI info
[0.724s] -- Detecting CXX compiler ABI info - done
[0.744s] -- Check for working CXX compiler: /usr/bin/c++ - skipped
[0.744s] -- Detecting CXX compile features
[0.745s] -- Detecting CXX compile features - done
[0.759s] [31mCMake Error at CMakeLists.txt:15 (find_package):
[0.759s]   By not providing "Findament_cmake_ros.cmake" in CMAKE_MODULE_PATH this
[0.759s]   project has asked CMake to find a package configuration file provided by
[0.759s]   "ament_cmake_ros", but CMake did not find one.
[0.759s] 
[0.760s]   Could not find a package configuration file provided by "ament_cmake_ros"
[0.760s]   with any of the following names:
[0.760s] 
[0.760s]     ament_cmake_rosConfig.cmake
[0.760s]     ament_cmake_ros-config.cmake
[0.760s] 
[0.760s]   Add the installation prefix of "ament_cmake_ros" to CMAKE_PREFIX_PATH or
[0.760s]   set "ament_cmake_ros_DIR" to a directory containing one of the above files.
[0.760s]   If "ament_cmake_ros" provides a separate development package or SDK, be
[0.760s]   sure it has been installed.
[0.760s] 
[0.760s] [0m
[0.762s] -- Configuring incomplete, errors occurred!
[0.762s] See also "/home/nasa-knights/vision_ws/nk_ros_pkgs/build/tracetools_image_pipeline/CMakeFiles/CMakeOutput.log".
[0.773s] Invoked command in '/home/nasa-knights/vision_ws/nk_ros_pkgs/build/tracetools_image_pipeline' returned '1': /usr/bin/cmake /home/nasa-knights/vision_ws/nk_ros_pkgs/image_pipeline/tracetools_image_pipeline -DAMENT_CMAKE_SYMLINK_INSTALL=1 -DCMAKE_INSTALL_PREFIX=/home/nasa-knights/vision_ws/nk_ros_pkgs/install/tracetools_image_pipeline
