[0.104s] Invoking command in '/home/nasa-knights/vision_ws/nk_ros_pkgs/build/aruco_opencv_msgs': /usr/bin/cmake /home/nasa-knights/vision_ws/nk_ros_pkgs/ros_aruco_opencv/aruco_opencv_msgs -DAMENT_CMAKE_SYMLINK_INSTALL=1 -DCMAKE_INSTALL_PREFIX=/home/nasa-knights/vision_ws/nk_ros_pkgs/install/aruco_opencv_msgs
[0.475s] -- The C compiler identification is GNU 11.4.0
[0.475s] -- The CXX compiler identification is GNU 11.4.0
[0.475s] -- Detecting C compiler ABI info
[0.544s] -- Detecting C compiler ABI info - done
[0.562s] -- Check for working C compiler: /usr/bin/cc - skipped
[0.563s] -- Detecting C compile features
[0.563s] -- Detecting C compile features - done
[0.569s] -- Detecting CXX compiler ABI info
[0.693s] -- Detecting CXX compiler ABI info - done
[0.717s] -- Check for working CXX compiler: /usr/bin/c++ - skipped
[0.718s] -- Detecting CXX compile features
[0.718s] -- Detecting CXX compile features - done
[0.738s] [31mCMake Error at CMakeLists.txt:4 (find_package):
[0.738s]   By not providing "Findament_cmake.cmake" in CMAKE_MODULE_PATH this project
[0.738s]   has asked CMake to find a package configuration file provided by
[0.738s]   "ament_cmake", but CMake did not find one.
[0.738s] 
[0.738s]   Could not find a package configuration file provided by "ament_cmake" with
[0.738s]   any of the following names:
[0.738s] 
[0.738s]     ament_cmakeConfig.cmake
[0.738s]     ament_cmake-config.cmake
[0.739s] 
[0.739s]   Add the installation prefix of "ament_cmake" to CMAKE_PREFIX_PATH or set
[0.739s]   "ament_cmake_DIR" to a directory containing one of the above files.  If
[0.739s]   "ament_cmake" provides a separate development package or SDK, be sure it
[0.739s]   has been installed.
[0.739s] 
[0.739s] [0m
[0.739s] -- Configuring incomplete, errors occurred!
[0.740s] See also "/home/nasa-knights/vision_ws/nk_ros_pkgs/build/aruco_opencv_msgs/CMakeFiles/CMakeOutput.log".
[0.743s] Invoked command in '/home/nasa-knights/vision_ws/nk_ros_pkgs/build/aruco_opencv_msgs' returned '1': /usr/bin/cmake /home/nasa-knights/vision_ws/nk_ros_pkgs/ros_aruco_opencv/aruco_opencv_msgs -DAMENT_CMAKE_SYMLINK_INSTALL=1 -DCMAKE_INSTALL_PREFIX=/home/nasa-knights/vision_ws/nk_ros_pkgs/install/aruco_opencv_msgs
